<?xml version="1.0" encoding="UTF-8"?>
<!-- Generated by org.testng.reporters.JUnitReportReporter -->
<testsuite hostname="ATMECSINDT-045" failures="0" tests="1" name="com.atmecs.falcon.testscript.TestScipt" time="2.939" errors="0" timestamp="2020-03-12T20:56:53 IST" skipped="0">
  <testcase classname="com.atmecs.falcon.testscript.TestScipt" name="action" time="2.939"/>
</testsuite> <!-- com.atmecs.falcon.testscript.TestScipt -->
