<?xml version="1.0" encoding="UTF-8"?>
<!-- Generated by org.testng.reporters.JUnitReportReporter -->
<testsuite hostname="ATMECSINDT-045" failures="0" tests="1" name="com.atmecs.automation.testsuite.BaseClass" time="7.861" errors="0" timestamp="2020-03-11T18:54:48 IST" skipped="0">
  <testcase classname="com.atmecs.automation.testsuite.BaseClass" name="invokeBrowser" time="7.861"/>
</testsuite> <!-- com.atmecs.automation.testsuite.BaseClass -->
