<?xml version="1.0" encoding="UTF-8"?>
<!-- Generated by org.testng.reporters.JUnitReportReporter -->
<testsuite hostname="ATMECSINDT-045" failures="0" tests="2" name="com.atmecs.automation.testscript.TestScript" time="2.509" errors="0" timestamp="2020-03-11T20:36:35 IST" skipped="0">
  <testcase classname="com.atmecs.automation.testscript.TestScript" name="dashBoardValidation" time="1.313"/>
  <testcase classname="com.atmecs.automation.testscript.TestScript" name="viewValidation" time="1.196"/>
</testsuite> <!-- com.atmecs.automation.testscript.TestScript -->
